<?xml version="1.0" encoding="UTF-8"?>
<!-- Generated by org.testng.reporters.JUnitReportReporter -->
<testsuite skipped="0" hostname="mansijai" name="com.training.sanity.tests.TC5_ReportFilter" tests="1" failures="0" timestamp="28 Jun 2019 07:48:07 GMT" time="36.938" errors="0">
  <testcase name="deletecategory" time="36.938" classname="com.training.sanity.tests.TC5_ReportFilter"/>
</testsuite> <!-- com.training.sanity.tests.TC5_ReportFilter -->
