<?xml version="1.0" encoding="UTF-8"?>
<!-- Generated by org.testng.reporters.JUnitReportReporter -->
<testsuite skipped="0" hostname="mansijai" name="com.training.sanity.tests.TC10_PrintInvoice" tests="1" failures="0" timestamp="08 Jul 2019 09:52:36 GMT" time="31.948" errors="0">
  <testcase name="deletecategory" time="31.948" classname="com.training.sanity.tests.TC10_PrintInvoice"/>
</testsuite> <!-- com.training.sanity.tests.TC10_PrintInvoice -->
