<?xml version="1.0" encoding="UTF-8"?>
<!-- Generated by org.testng.reporters.JUnitReportReporter -->
<testsuite skipped="0" hostname="mansijai" name="com.training.sanity.tests.TC6_Productsearch" tests="1" failures="0" timestamp="08 Jul 2019 10:27:12 GMT" time="34.854" errors="0">
  <testcase name="deletecategory" time="34.854" classname="com.training.sanity.tests.TC6_Productsearch"/>
</testsuite> <!-- com.training.sanity.tests.TC6_Productsearch -->
