<?xml version="1.0" encoding="UTF-8"?>
<!-- Generated by org.testng.reporters.JUnitReportReporter -->
<testsuite skipped="0" hostname="mansijai" name="com.training.sanity.tests.TC1_AdminLoginTests" tests="1" failures="0" timestamp="29 Jun 2019 16:17:42 GMT" time="17.189" errors="0">
  <testcase name="validLoginTest" time="17.189" classname="com.training.sanity.tests.TC1_AdminLoginTests"/>
</testsuite> <!-- com.training.sanity.tests.TC1_AdminLoginTests -->
