<?xml version="1.0" encoding="UTF-8"?>
<!-- Generated by org.testng.reporters.JUnitReportReporter -->
<testsuite skipped="0" hostname="mansijai" name="com.training.sanity.tests.TC7_Productaddition" tests="1" failures="0" timestamp="03 Jul 2019 07:11:44 GMT" time="34.458" errors="0">
  <testcase name="deletecategory" time="34.458" classname="com.training.sanity.tests.TC7_Productaddition"/>
</testsuite> <!-- com.training.sanity.tests.TC7_Productaddition -->
