<?xml version="1.0" encoding="UTF-8"?>
<!-- Generated by org.testng.reporters.JUnitReportReporter -->
<testsuite skipped="0" hostname="mansijai" name="com.training.sanity.tests.TC2_DeleteTests" tests="1" failures="0" timestamp="30 Jun 2019 18:55:56 GMT" time="16.291" errors="0">
  <testcase name="deletecategory" time="16.291" classname="com.training.sanity.tests.TC2_DeleteTests"/>
</testsuite> <!-- com.training.sanity.tests.TC2_DeleteTests -->
