<?xml version="1.0" encoding="UTF-8"?>
<!-- Generated by org.testng.reporters.JUnitReportReporter -->
<testsuite skipped="0" hostname="mansijai" name="com.training.sanity.tests.TC8_ProductEdit" tests="1" failures="0" timestamp="03 Jul 2019 08:44:33 GMT" time="26.722" errors="0">
  <testcase name="deletecategory" time="26.722" classname="com.training.sanity.tests.TC8_ProductEdit"/>
</testsuite> <!-- com.training.sanity.tests.TC8_ProductEdit -->
